Построение начато 25.09.2011 12:13:55.
     1>Проект "F:\Home1\task10\task10\task10.vcxproj" в узле 2 (целевые объекты build).
     1>InitializeBuildStatus:
         Обращение к "Debug\task10.unsuccessfulbuild".
       ClCompile:
         Для всех выходных данных обновления не требуется.
         c:\Program Files (x86)\Microsoft Visual Studio 10.0\VC\bin\CL.exe /c /ZI /nologo /W3 /WX- /Od /Oy- /D WIN32 /D _DEBUG /D _CONSOLE /D _UNICODE /D UNICODE /Gm /EHsc /RTC1 /MDd /GS /fp:precise /Zc:wchar_t /Zc:forScope /Yu"StdAfx.h" /Fp"Debug\task10.pch" /Fo"Debug\\" /Fd"Debug\vc100.pdb" /Gd /TP /analyze- /errorReport:prompt task10.cpp
         task10.cpp
     1>f:\home1\task10\task10\task10.cpp(16): warning C4996: 'scanf': This function or variable may be unsafe. Consider using scanf_s instead. To disable deprecation, use _CRT_SECURE_NO_WARNINGS. See online help for details.
                 c:\program files (x86)\microsoft visual studio 10.0\vc\include\stdio.h(304): см. объявление "scanf"
     1>f:\home1\task10\task10\task10.cpp(34): warning C4996: 'scanf': This function or variable may be unsafe. Consider using scanf_s instead. To disable deprecation, use _CRT_SECURE_NO_WARNINGS. See online help for details.
                 c:\program files (x86)\microsoft visual studio 10.0\vc\include\stdio.h(304): см. объявление "scanf"
       ManifestResourceCompile:
         Для всех выходных данных обновления не требуется.
       Link:
         c:\Program Files (x86)\Microsoft Visual Studio 10.0\VC\bin\link.exe /ERRORREPORT:PROMPT /OUT:"F:\Home1\task10\Debug\task10.exe" /INCREMENTAL /NOLOGO kernel32.lib user32.lib gdi32.lib winspool.lib comdlg32.lib advapi32.lib shell32.lib ole32.lib oleaut32.lib uuid.lib odbc32.lib odbccp32.lib /MANIFEST /ManifestFile:"Debug\task10.exe.intermediate.manifest" /MANIFESTUAC:"level='asInvoker' uiAccess='false'" /DEBUG /PDB:"F:\Home1\task10\Debug\task10.pdb" /SUBSYSTEM:CONSOLE /TLBID:1 /DYNAMICBASE /NXCOMPAT /IMPLIB:"F:\Home1\task10\Debug\task10.lib" /MACHINE:X86 Debug\task10.exe.embed.manifest.res
         Debug\stdafx.obj
         Debug\task10.obj
       Manifest:
         C:\Program Files (x86)\Microsoft SDKs\Windows\v7.0A\bin\mt.exe /nologo /verbose /out:"Debug\task10.exe.embed.manifest" /manifest Debug\task10.exe.intermediate.manifest
         Для всех выходных данных обновления не требуется.
       LinkEmbedManifest:
         Для всех выходных данных обновления не требуется.
         task10.vcxproj -> F:\Home1\task10\Debug\task10.exe
       FinalizeBuildStatus:
         Файл "Debug\task10.unsuccessfulbuild" удаляется.
         Обращение к "Debug\task10.lastbuildstate".
     1>Построение проекта "F:\Home1\task10\task10\task10.vcxproj" завершено (целевые объекты build).

Построение успешно завершено.

Затраченное время: 00:00:03.93
