Построение начато 31.10.2011 11:19:55.
     1>Проект "C:\dz\1semestr\Home3\task3\task3.vcxproj" в узле 2 (целевые объекты build).
     1>InitializeBuildStatus:
         Создание "Debug\task3.unsuccessfulbuild", так как было задано "AlwaysCreate".
       ClCompile:
         Для всех выходных данных обновления не требуется.
         Для всех выходных данных обновления не требуется.
       ResourceCompile:
         Для всех выходных данных обновления не требуется.
       ManifestResourceCompile:
         Для всех выходных данных обновления не требуется.
       Link:
         Для всех выходных данных обновления не требуется.
       Manifest:
         Для всех выходных данных обновления не требуется.
       FinalizeBuildStatus:
         Файл "Debug\task3.unsuccessfulbuild" удаляется.
         Обращение к "Debug\task3.lastbuildstate".
     1>Построение проекта "C:\dz\1semestr\Home3\task3\task3.vcxproj" завершено (целевые объекты build).

Построение успешно завершено.

Затраченное время: 00:00:00.44
